2023-12-19 05:58:14.519 [info] Started initializing default profile extensions in extensions installation folder. file:///root/.vscode/extensions
2023-12-19 05:58:14.798 [error] [uncaught exception in sharedProcess]: Error: ENOENT: no such file or directory, stat '/root/.vscode/extensions/extensions.json.vsctmp': EntryNotFound (FileSystemError): Error: ENOENT: no such file or directory, stat '/root/.vscode/extensions/extensions.json.vsctmp'
    at r.create (/snap/code/148/usr/share/code/resources/app/out/vs/code/node/sharedProcess/sharedProcessMain.js:51:30056)
    at a (/snap/code/148/usr/share/code/resources/app/out/vs/code/node/sharedProcess/sharedProcessMain.js:51:30170)
    at s.fb (/snap/code/148/usr/share/code/resources/app/out/vs/code/node/sharedProcess/sharedProcessMain.js:56:36175)
    at s.stat (/snap/code/148/usr/share/code/resources/app/out/vs/code/node/sharedProcess/sharedProcessMain.js:56:28621)
    at async E.stat (/snap/code/148/usr/share/code/resources/app/out/vs/code/node/sharedProcess/sharedProcessMain.js:56:15732)
    at async Y.tb (/snap/code/148/usr/share/code/resources/app/out/vs/code/node/sharedProcess/sharedProcessMain.js:100:111319)
2023-12-19 05:58:14.844 [warning] Failed to create default profile extensions manifest in extensions installation folder. file:///root/.vscode/extensions Unable to create file 'vscode-userdata:/root/.vscode/extensions/extensions.json' that already exists when overwrite flag is not set
2023-12-19 05:58:14.844 [info] Completed initializing default profile extensions in extensions installation folder. file:///root/.vscode/extensions
2023-12-19 10:40:51.403 [info] Getting Manifest... oderwat.indent-rainbow
2023-12-19 10:40:51.410 [info] Installing extension: oderwat.indent-rainbow
2023-12-19 10:40:53.756 [info] Extension signature is verified: oderwat.indent-rainbow
2023-12-19 10:40:55.091 [info] Extracted extension to file:///root/.vscode/extensions/oderwat.indent-rainbow-8.3.1: oderwat.indent-rainbow
2023-12-19 10:40:55.100 [info] Renamed to /root/.vscode/extensions/oderwat.indent-rainbow-8.3.1
2023-12-19 10:40:55.102 [info] Extracting extension completed. oderwat.indent-rainbow
2023-12-19 10:40:55.114 [info] Extension installed successfully: oderwat.indent-rainbow
2023-12-19 10:40:55.191 [error] [uncaught exception in sharedProcess]: Error: ENOENT: no such file or directory, stat '/root/.vscode/extensions/extensions.json.vsctmp': EntryNotFound (FileSystemError): Error: ENOENT: no such file or directory, stat '/root/.vscode/extensions/extensions.json.vsctmp'
    at r.create (/snap/code/148/usr/share/code/resources/app/out/vs/code/node/sharedProcess/sharedProcessMain.js:51:30056)
    at a (/snap/code/148/usr/share/code/resources/app/out/vs/code/node/sharedProcess/sharedProcessMain.js:51:30170)
    at s.fb (/snap/code/148/usr/share/code/resources/app/out/vs/code/node/sharedProcess/sharedProcessMain.js:56:36175)
    at s.stat (/snap/code/148/usr/share/code/resources/app/out/vs/code/node/sharedProcess/sharedProcessMain.js:56:28621)
    at async E.stat (/snap/code/148/usr/share/code/resources/app/out/vs/code/node/sharedProcess/sharedProcessMain.js:56:15732)
    at async Y.tb (/snap/code/148/usr/share/code/resources/app/out/vs/code/node/sharedProcess/sharedProcessMain.js:100:111319)
