2023-12-19 05:58:14.106 [info] Added views:workbench.panel.markers.view in workbench.panel.markers
2023-12-19 05:58:14.106 [info] Added views:workbench.panel.output in workbench.panel.output
2023-12-19 05:58:14.106 [info] Added views:terminal in terminal
2023-12-19 05:58:14.106 [info] Added views:outline in workbench.view.explorer
2023-12-19 05:58:14.106 [info] Added views:workbench.scm in workbench.view.scm
2023-12-19 05:58:14.106 [info] Added views:workbench.view.search in workbench.view.search
2023-12-19 05:58:14.106 [info] Added views:timeline in workbench.view.explorer
2023-12-19 05:58:14.106 [info] Added views:workbench.explorer.emptyView in workbench.view.explorer
2023-12-19 05:58:14.281 [info] Added views:workbench.debug.variablesView,workbench.debug.watchExpressionsView,workbench.debug.callStackView,workbench.debug.breakPointsView in workbench.view.debug
2023-12-19 05:58:14.872 [info] Added views:~remote.forwardedPorts in ~remote.forwardedPortsContainer
2023-12-19 05:58:14.967 [info] Added views:workbench.panel.repl.view in workbench.panel.repl
2023-12-19 05:58:14.969 [info] Removed views:workbench.debug.breakPointsView,workbench.debug.callStackView,workbench.debug.watchExpressionsView,workbench.debug.variablesView from workbench.view.debug
2023-12-19 05:58:14.969 [info] Added views:workbench.debug.welcome in workbench.view.debug
2023-12-19 05:58:30.124 [info] Added views:workbench.panel.markers.view in workbench.panel.markers
2023-12-19 05:58:30.124 [info] Added views:workbench.panel.output in workbench.panel.output
2023-12-19 05:58:30.124 [info] Added views:terminal in terminal
2023-12-19 05:58:30.124 [info] Added views:outline in workbench.view.explorer
2023-12-19 05:58:30.124 [info] Added views:workbench.scm in workbench.view.scm
2023-12-19 05:58:30.124 [info] Added views:workbench.view.search in workbench.view.search
2023-12-19 05:58:30.124 [info] Added views:timeline in workbench.view.explorer
2023-12-19 05:58:30.124 [info] Added views:workbench.explorer.fileView in workbench.view.explorer
2023-12-19 05:58:30.453 [info] Added views:workbench.debug.variablesView,workbench.debug.watchExpressionsView,workbench.debug.callStackView,workbench.debug.breakPointsView in workbench.view.debug
2023-12-19 05:58:30.555 [info] Added views:~remote.forwardedPorts in ~remote.forwardedPortsContainer
2023-12-19 05:58:30.563 [info] Added views:workbench.panel.repl.view in workbench.panel.repl
2023-12-19 05:58:30.565 [info] Removed views:workbench.debug.breakPointsView,workbench.debug.callStackView,workbench.debug.watchExpressionsView,workbench.debug.variablesView from workbench.view.debug
2023-12-19 05:58:30.566 [info] Added views:workbench.debug.welcome in workbench.view.debug
2023-12-19 10:40:30.315 [info] Added views:workbench.views.extensions.installed,workbench.views.extensions.popular,extensions.recommendedList in workbench.view.extensions
2023-12-19 10:40:30.331 [info] Removed views:workbench.views.extensions.popular from workbench.view.extensions
2023-12-19 10:40:30.711 [info] Added views:workbench.views.extensions.popular in workbench.view.extensions
2023-12-19 10:40:38.698 [info] Removed views:extensions.recommendedList,workbench.views.extensions.popular,workbench.views.extensions.installed from workbench.view.extensions
2023-12-19 10:40:38.704 [info] Added views:workbench.views.extensions.marketplace in workbench.view.extensions
