2023-12-19 05:58:15.245 [info] Log level: Info
2023-12-19 05:58:15.245 [info] Validating found git in: "git"
2023-12-19 05:58:15.245 [info] Using git "2.34.1" from "git"
2023-12-19 05:58:34.175 [info] Log level: Info
2023-12-19 05:58:34.175 [info] Validating found git in: "git"
2023-12-19 05:58:34.175 [info] Using git "2.34.1" from "git"
2023-12-19 05:58:34.175 [info] > git rev-parse --show-toplevel [4ms]
2023-12-19 05:58:34.175 [info] fatal: not a git repository (or any of the parent directories): .git
2023-12-19 05:58:34.176 [info] > git rev-parse --show-toplevel [3ms]
2023-12-19 05:58:34.176 [info] fatal: not a git repository (or any of the parent directories): .git
2023-12-19 05:58:34.181 [info] > git rev-parse --show-toplevel [1ms]
2023-12-19 05:58:34.181 [info] fatal: not a git repository (or any of the parent directories): .git
2023-12-19 05:58:34.185 [info] > git rev-parse --show-toplevel [1ms]
2023-12-19 05:58:34.185 [info] fatal: not a git repository (or any of the parent directories): .git
2023-12-19 05:58:34.190 [info] > git rev-parse --show-toplevel [2ms]
2023-12-19 05:58:34.190 [info] fatal: not a git repository (or any of the parent directories): .git
2023-12-19 05:58:34.193 [info] > git rev-parse --show-toplevel [1ms]
2023-12-19 05:58:34.193 [info] fatal: not a git repository (or any of the parent directories): .git
2023-12-19 05:58:34.200 [info] > git rev-parse --show-toplevel [2ms]
2023-12-19 05:58:34.200 [info] fatal: not a git repository (or any of the parent directories): .git
2023-12-19 05:58:34.204 [info] > git rev-parse --show-toplevel [1ms]
2023-12-19 05:58:34.204 [info] fatal: not a git repository (or any of the parent directories): .git
2023-12-19 05:58:34.208 [info] > git rev-parse --show-toplevel [1ms]
2023-12-19 05:58:34.208 [info] fatal: not a git repository (or any of the parent directories): .git
2023-12-19 05:58:34.212 [info] > git rev-parse --show-toplevel [1ms]
2023-12-19 05:58:34.213 [info] fatal: not a git repository (or any of the parent directories): .git
2023-12-19 05:58:34.216 [info] > git rev-parse --show-toplevel [1ms]
2023-12-19 05:58:34.216 [info] fatal: not a git repository (or any of the parent directories): .git
2023-12-19 05:58:34.220 [info] > git rev-parse --show-toplevel [1ms]
2023-12-19 05:58:34.220 [info] fatal: not a git repository (or any of the parent directories): .git
2023-12-19 05:58:34.224 [info] > git rev-parse --show-toplevel [1ms]
2023-12-19 05:58:34.224 [info] fatal: not a git repository (or any of the parent directories): .git
2023-12-19 05:58:34.228 [info] > git rev-parse --show-toplevel [1ms]
2023-12-19 05:58:34.228 [info] fatal: not a git repository (or any of the parent directories): .git
2023-12-19 05:58:34.232 [info] > git rev-parse --show-toplevel [1ms]
2023-12-19 05:58:34.232 [info] fatal: not a git repository (or any of the parent directories): .git
2023-12-19 05:58:34.236 [info] > git rev-parse --show-toplevel [1ms]
2023-12-19 05:58:34.236 [info] fatal: not a git repository (or any of the parent directories): .git
2023-12-19 05:58:34.240 [info] > git rev-parse --show-toplevel [1ms]
2023-12-19 05:58:34.240 [info] fatal: not a git repository (or any of the parent directories): .git
2023-12-19 05:58:34.245 [info] > git rev-parse --show-toplevel [1ms]
2023-12-19 05:58:34.249 [info] > git rev-parse --git-dir --git-common-dir [1ms]
2023-12-19 05:58:34.259 [info] Open repository: /home/diego/meisters/meisters-solutions
2023-12-19 05:58:34.268 [info] > git rev-parse --show-toplevel [2ms]
2023-12-19 05:58:34.268 [info] fatal: not a git repository (or any of the parent directories): .git
2023-12-19 05:58:34.269 [info] > git config --get commit.template [6ms]
2023-12-19 05:58:34.277 [info] > git for-each-ref --format=%(refname)%00%(upstream:short)%00%(objectname)%00%(upstream:track)%00%(upstream:remotename)%00%(upstream:remoteref) refs/heads/main refs/remotes/main [2ms]
2023-12-19 05:58:34.286 [info] > git status -z -uall [3ms]
2023-12-19 05:58:34.299 [info] > git config --get commit.template [2ms]
2023-12-19 05:58:34.344 [info] > git for-each-ref --format=%(refname)%00%(upstream:short)%00%(objectname)%00%(upstream:track)%00%(upstream:remotename)%00%(upstream:remoteref) refs/heads/main refs/remotes/main [42ms]
2023-12-19 05:58:34.404 [info] > git status -z -uall [4ms]
2023-12-19 05:58:34.776 [info] > git check-ignore -v -z --stdin [1ms]
2023-12-19 05:59:05.424 [info] > git check-ignore -v -z --stdin [1ms]
2023-12-19 05:59:06.514 [info] > git check-ignore -v -z --stdin [1ms]
2023-12-19 05:59:07.512 [info] > git check-ignore -v -z --stdin [1ms]
2023-12-19 05:59:14.424 [info] > git check-ignore -v -z --stdin [1ms]
2023-12-19 05:59:14.984 [info] > git config --get commit.template [4ms]
2023-12-19 05:59:14.985 [info] > git for-each-ref --format=%(refname)%00%(upstream:short)%00%(objectname)%00%(upstream:track)%00%(upstream:remotename)%00%(upstream:remoteref) refs/heads/main refs/remotes/main [1ms]
2023-12-19 05:59:14.990 [info] > git status -z -uall [2ms]
2023-12-19 06:04:41.357 [info] > git check-ignore -v -z --stdin [1ms]
2023-12-19 06:04:46.349 [info] > git config --get commit.template [4ms]
2023-12-19 06:04:46.350 [info] > git for-each-ref --format=%(refname)%00%(upstream:short)%00%(objectname)%00%(upstream:track)%00%(upstream:remotename)%00%(upstream:remoteref) refs/heads/main refs/remotes/main [1ms]
2023-12-19 06:04:46.358 [info] > git status -z -uall [2ms]
2023-12-19 06:14:41.040 [info] > git check-ignore -v -z --stdin [1ms]
2023-12-19 06:14:47.060 [info] > git check-ignore -v -z --stdin [1ms]
2023-12-19 06:14:49.150 [info] > git check-ignore -v -z --stdin [1ms]
2023-12-19 06:14:51.524 [info] > git show --textconv :module/Application/view/application/index/index.phtml [9ms]
2023-12-19 06:14:51.525 [info] > git ls-files --stage -- /home/diego/meisters/meisters-solutions/module/Application/view/application/index/index.phtml [4ms]
2023-12-19 06:14:51.533 [info] > git cat-file -s 6a68a2067d0d4be8c0edee80b2784bb4bc42010e [4ms]
2023-12-19 06:15:02.937 [info] > git check-ignore -v -z --stdin [0ms]
2023-12-19 06:16:08.084 [info] > git check-ignore -v -z --stdin [1ms]
2023-12-19 06:16:08.810 [info] > git show --textconv :module/Application/view/layout/layout.phtml [4ms]
2023-12-19 06:16:08.811 [info] > git ls-files --stage -- /home/diego/meisters/meisters-solutions/module/Application/view/layout/layout.phtml [2ms]
2023-12-19 06:16:08.815 [info] > git cat-file -s 3b939164a3071aaece83efd5d05c295597b00c76 [2ms]
2023-12-19 06:17:32.799 [info] > git config --get commit.template [3ms]
2023-12-19 06:17:32.800 [info] > git for-each-ref --format=%(refname)%00%(upstream:short)%00%(objectname)%00%(upstream:track)%00%(upstream:remotename)%00%(upstream:remoteref) refs/heads/main refs/remotes/main [1ms]
2023-12-19 06:17:32.805 [info] > git status -z -uall [2ms]
2023-12-19 06:18:36.041 [info] > git config --get commit.template [4ms]
2023-12-19 06:18:36.041 [info] > git for-each-ref --format=%(refname)%00%(upstream:short)%00%(objectname)%00%(upstream:track)%00%(upstream:remotename)%00%(upstream:remoteref) refs/heads/main refs/remotes/main [1ms]
2023-12-19 06:18:36.046 [info] > git status -z -uall [1ms]
2023-12-19 06:19:14.571 [info] > git config --get commit.template [3ms]
2023-12-19 06:19:14.572 [info] > git for-each-ref --format=%(refname)%00%(upstream:short)%00%(objectname)%00%(upstream:track)%00%(upstream:remotename)%00%(upstream:remoteref) refs/heads/main refs/remotes/main [1ms]
2023-12-19 06:19:14.577 [info] > git status -z -uall [2ms]
2023-12-19 06:38:51.680 [info] > git config --get commit.template [16ms]
2023-12-19 06:38:51.681 [info] > git for-each-ref --format=%(refname)%00%(upstream:short)%00%(objectname)%00%(upstream:track)%00%(upstream:remotename)%00%(upstream:remoteref) refs/heads/main refs/remotes/main [13ms]
2023-12-19 06:38:51.685 [info] > git status -z -uall [2ms]
2023-12-19 06:41:51.279 [info] > git show --textconv :module/Application/view/application/index/index.phtml [4ms]
2023-12-19 06:41:51.280 [info] > git ls-files --stage -- /home/diego/meisters/meisters-solutions/module/Application/view/application/index/index.phtml [2ms]
2023-12-19 06:41:51.283 [info] > git cat-file -s 6a68a2067d0d4be8c0edee80b2784bb4bc42010e [1ms]
2023-12-19 06:48:00.070 [info] > git show --textconv :module/Application/model [3ms]
2023-12-19 06:48:00.072 [info] > git ls-files --stage -- /home/diego/meisters/meisters-solutions/module/Application/model [1ms]
2023-12-19 06:48:00.338 [info] > git check-ignore -v -z --stdin [1ms]
2023-12-19 06:48:00.890 [info] > git config --get commit.template [3ms]
2023-12-19 06:48:00.891 [info] > git for-each-ref --format=%(refname)%00%(upstream:short)%00%(objectname)%00%(upstream:track)%00%(upstream:remotename)%00%(upstream:remoteref) refs/heads/main refs/remotes/main [2ms]
2023-12-19 06:48:00.895 [info] > git status -z -uall [1ms]
2023-12-19 06:48:36.048 [info] > git rev-parse --show-toplevel [44ms]
2023-12-19 06:48:36.049 [info] fatal: not a git repository (or any of the parent directories): .git
2023-12-19 06:48:36.272 [info] > git show --textconv :module/Application/view/application/index/index.phtml [8ms]
2023-12-19 06:48:36.273 [info] > git ls-files --stage -- /home/diego/meisters/meisters-solutions/module/Application/view/application/index/index.phtml [2ms]
2023-12-19 06:48:36.282 [info] > git cat-file -s 6a68a2067d0d4be8c0edee80b2784bb4bc42010e [2ms]
2023-12-19 06:48:37.236 [info] > git config --get commit.template [5ms]
2023-12-19 06:48:37.236 [info] > git for-each-ref --format=%(refname)%00%(upstream:short)%00%(objectname)%00%(upstream:track)%00%(upstream:remotename)%00%(upstream:remoteref) refs/heads/main refs/remotes/main [1ms]
2023-12-19 06:48:37.242 [info] > git status -z -uall [2ms]
2023-12-19 06:48:47.320 [info] > git check-ignore -v -z --stdin [1ms]
2023-12-19 06:48:47.928 [info] > git config --get commit.template [4ms]
2023-12-19 06:48:47.929 [info] > git for-each-ref --format=%(refname)%00%(upstream:short)%00%(objectname)%00%(upstream:track)%00%(upstream:remotename)%00%(upstream:remoteref) refs/heads/main refs/remotes/main [1ms]
2023-12-19 06:48:47.934 [info] > git status -z -uall [2ms]
2023-12-19 06:49:02.059 [info] > git check-ignore -v -z --stdin [1ms]
2023-12-19 06:49:02.628 [info] > git config --get commit.template [3ms]
2023-12-19 06:49:02.628 [info] > git for-each-ref --format=%(refname)%00%(upstream:short)%00%(objectname)%00%(upstream:track)%00%(upstream:remotename)%00%(upstream:remoteref) refs/heads/main refs/remotes/main [1ms]
2023-12-19 06:49:02.634 [info] > git status -z -uall [2ms]
2023-12-19 06:49:16.687 [info] > git show --textconv :module/model/src/Base.php [3ms]
2023-12-19 06:49:16.688 [info] > git ls-files --stage -- /home/diego/meisters/meisters-solutions/module/model/src/Base.php [1ms]
2023-12-19 06:49:16.953 [info] > git check-ignore -v -z --stdin [2ms]
2023-12-19 06:49:17.508 [info] > git config --get commit.template [4ms]
2023-12-19 06:49:17.508 [info] > git for-each-ref --format=%(refname)%00%(upstream:short)%00%(objectname)%00%(upstream:track)%00%(upstream:remotename)%00%(upstream:remoteref) refs/heads/main refs/remotes/main [1ms]
2023-12-19 06:49:17.514 [info] > git status -z -uall [2ms]
2023-12-19 06:56:01.499 [info] > git rev-parse --show-toplevel [1ms]
2023-12-19 06:56:01.499 [info] fatal: not a git repository (or any of the parent directories): .git
2023-12-19 06:56:04.413 [info] > git rev-parse --show-toplevel [1ms]
2023-12-19 06:56:04.413 [info] fatal: not a git repository (or any of the parent directories): .git
2023-12-19 06:56:24.638 [info] > git show --textconv :module/Application/view/application/index/index.phtml [4ms]
2023-12-19 06:56:24.639 [info] > git ls-files --stage -- /home/diego/meisters/meisters-solutions/module/Application/view/application/index/index.phtml [2ms]
2023-12-19 06:56:24.646 [info] > git cat-file -s 6a68a2067d0d4be8c0edee80b2784bb4bc42010e [1ms]
2023-12-19 06:56:25.479 [info] > git config --get commit.template [5ms]
2023-12-19 06:56:25.480 [info] > git for-each-ref --format=%(refname)%00%(upstream:short)%00%(objectname)%00%(upstream:track)%00%(upstream:remotename)%00%(upstream:remoteref) refs/heads/main refs/remotes/main [2ms]
2023-12-19 06:56:25.485 [info] > git status -z -uall [2ms]
2023-12-19 06:59:04.724 [info] > git rev-parse --show-toplevel [1ms]
2023-12-19 06:59:04.731 [info] > git rev-parse --git-dir --git-common-dir [2ms]
2023-12-19 06:59:04.740 [info] Open repository: /home/diego/meisters
2023-12-19 06:59:04.754 [info] > git config --get commit.template [7ms]
2023-12-19 06:59:04.755 [info] > git for-each-ref --format=%(refname)%00%(upstream:short)%00%(objectname)%00%(upstream:track)%00%(upstream:remotename)%00%(upstream:remoteref) refs/heads/main refs/remotes/main [2ms]
2023-12-19 06:59:04.767 [info] > git status -z -uall [8ms]
2023-12-19 06:59:04.799 [info] > git config --get commit.template [8ms]
2023-12-19 06:59:04.800 [info] > git for-each-ref --format=%(refname)%00%(upstream:short)%00%(objectname)%00%(upstream:track)%00%(upstream:remotename)%00%(upstream:remoteref) refs/heads/main refs/remotes/main [2ms]
2023-12-19 06:59:04.813 [info] > git status -z -uall [4ms]
2023-12-19 06:59:05.274 [info] > git check-ignore -v -z --stdin [4ms]
2023-12-19 06:59:05.275 [info] > git check-ignore -v -z --stdin [1ms]
2023-12-19 07:03:00.186 [warning] ENOENT: no such file or directory, open '/home/diego/meisters/meisters-solutions/.git/HEAD'
2023-12-19 07:03:00.190 [warning] getRemotes() - ENOENT: no such file or directory, open '/home/diego/meisters/meisters-solutions/.git/config'
2023-12-19 07:03:00.195 [info] > git config --get commit.template [1ms]
2023-12-19 07:03:00.195 [info] > git remote --verbose [5ms]
2023-12-19 07:03:00.196 [info] > git symbolic-ref --short HEAD [10ms]
2023-12-19 07:03:00.200 [info] > git config --get commit.template [19ms]
2023-12-19 07:03:00.204 [info] > git for-each-ref --format=%(refname)%00%(upstream:short)%00%(objectname)%00%(upstream:track)%00%(upstream:remotename)%00%(upstream:remoteref) refs/heads/main refs/remotes/main [4ms]
2023-12-19 07:03:00.212 [warning] ENOENT: no such file or directory, open '/home/diego/meisters/meisters-solutions/.git/refs/remotes/origin/main'
2023-12-19 07:03:00.213 [info] > git for-each-ref --format=%(refname)%00%(upstream:short)%00%(objectname)%00%(upstream:track)%00%(upstream:remotename)%00%(upstream:remoteref) refs/heads/main refs/remotes/main [5ms]
2023-12-19 07:03:00.213 [info] > git ls-files --stage -- /home/diego/meisters/meisters-solutions/module/Application/view/application/index/index.phtml [10ms]
2023-12-19 07:03:00.216 [info] > git rev-parse refs/remotes/origin/main [4ms]
2023-12-19 07:03:00.222 [info] > git cat-file -s 6a68a2067d0d4be8c0edee80b2784bb4bc42010e [6ms]
2023-12-19 07:03:00.230 [info] > git status -z -uall [9ms]
2023-12-19 07:03:00.250 [info] > git status -z -uall [20ms]
2023-12-19 07:03:00.263 [info] > git show --textconv :module/Application/view/application/index/index.phtml [13ms]
2023-12-19 07:03:05.270 [info] > git config --get commit.template [3ms]
2023-12-19 07:03:05.271 [info] > git for-each-ref --format=%(refname)%00%(upstream:short)%00%(objectname)%00%(upstream:track)%00%(upstream:remotename)%00%(upstream:remoteref) refs/heads/main refs/remotes/main [1ms]
2023-12-19 07:03:05.276 [info] > git status -z -uall [2ms]
2023-12-19 07:03:10.293 [info] > git config --get commit.template [2ms]
2023-12-19 07:03:10.294 [info] > git for-each-ref --format=%(refname)%00%(upstream:short)%00%(objectname)%00%(upstream:track)%00%(upstream:remotename)%00%(upstream:remoteref) refs/heads/main refs/remotes/main [1ms]
2023-12-19 07:03:10.300 [info] > git status -z -uall [3ms]
2023-12-19 07:03:15.314 [info] > git config --get commit.template [3ms]
2023-12-19 07:03:15.315 [info] > git for-each-ref --format=%(refname)%00%(upstream:short)%00%(objectname)%00%(upstream:track)%00%(upstream:remotename)%00%(upstream:remoteref) refs/heads/main refs/remotes/main [2ms]
2023-12-19 07:03:15.320 [info] > git status -z -uall [2ms]
2023-12-19 07:03:19.389 [info] > git check-ignore -v -z --stdin [2ms]
2023-12-19 07:03:20.334 [info] > git config --get commit.template [3ms]
2023-12-19 07:03:20.334 [info] > git for-each-ref --format=%(refname)%00%(upstream:short)%00%(objectname)%00%(upstream:track)%00%(upstream:remotename)%00%(upstream:remoteref) refs/heads/main refs/remotes/main [1ms]
2023-12-19 07:03:20.341 [info] > git status -z -uall [2ms]
2023-12-19 07:03:25.357 [info] > git config --get commit.template [3ms]
2023-12-19 07:03:25.358 [info] > git for-each-ref --format=%(refname)%00%(upstream:short)%00%(objectname)%00%(upstream:track)%00%(upstream:remotename)%00%(upstream:remoteref) refs/heads/main refs/remotes/main [1ms]
2023-12-19 07:03:25.364 [info] > git status -z -uall [2ms]
2023-12-19 07:03:30.380 [info] > git config --get commit.template [4ms]
2023-12-19 07:03:30.381 [info] > git for-each-ref --format=%(refname)%00%(upstream:short)%00%(objectname)%00%(upstream:track)%00%(upstream:remotename)%00%(upstream:remoteref) refs/heads/main refs/remotes/main [1ms]
2023-12-19 07:03:30.386 [info] > git status -z -uall [3ms]
2023-12-19 07:03:35.399 [info] > git config --get commit.template [3ms]
2023-12-19 07:03:35.400 [info] > git for-each-ref --format=%(refname)%00%(upstream:short)%00%(objectname)%00%(upstream:track)%00%(upstream:remotename)%00%(upstream:remoteref) refs/heads/main refs/remotes/main [1ms]
2023-12-19 07:03:35.405 [info] > git status -z -uall [2ms]
2023-12-19 07:03:36.076 [info] > git show --textconv :module/model/Base.phtml [3ms]
2023-12-19 07:03:36.077 [info] > git ls-files --stage -- /home/diego/meisters/meisters-solutions/module/model/Base.phtml [1ms]
2023-12-19 07:03:36.345 [info] > git check-ignore -v -z --stdin [1ms]
2023-12-19 07:03:36.938 [warning] ENOENT: no such file or directory, open '/home/diego/meisters/meisters-solutions/.git/HEAD'
2023-12-19 07:03:36.942 [warning] getRemotes() - ENOENT: no such file or directory, open '/home/diego/meisters/meisters-solutions/.git/config'
2023-12-19 07:03:36.945 [info] > git remote --verbose [3ms]
2023-12-19 07:03:36.945 [info] > git symbolic-ref --short HEAD [7ms]
2023-12-19 07:03:36.948 [info] > git config --get commit.template [3ms]
2023-12-19 07:03:36.949 [info] > git for-each-ref --format=%(refname)%00%(upstream:short)%00%(objectname)%00%(upstream:track)%00%(upstream:remotename)%00%(upstream:remoteref) refs/heads/main refs/remotes/main [1ms]
2023-12-19 07:03:36.951 [warning] ENOENT: no such file or directory, open '/home/diego/meisters/meisters-solutions/.git/refs/remotes/origin/main'
2023-12-19 07:03:36.952 [info] > git rev-parse refs/remotes/origin/main [1ms]
2023-12-19 07:03:36.957 [info] > git status -z -uall [3ms]
2023-12-19 07:03:41.672 [info] > git config --get commit.template [7ms]
2023-12-19 07:03:41.672 [info] > git for-each-ref --format=%(refname)%00%(upstream:short)%00%(objectname)%00%(upstream:track)%00%(upstream:remotename)%00%(upstream:remoteref) refs/heads/main refs/remotes/main [1ms]
2023-12-19 07:03:41.683 [info] > git status -z -uall [4ms]
2023-12-19 07:03:46.698 [info] > git config --get commit.template [4ms]
2023-12-19 07:03:46.699 [info] > git for-each-ref --format=%(refname)%00%(upstream:short)%00%(objectname)%00%(upstream:track)%00%(upstream:remotename)%00%(upstream:remoteref) refs/heads/main refs/remotes/main [1ms]
2023-12-19 07:03:46.707 [info] > git status -z -uall [3ms]
2023-12-19 07:03:51.720 [info] > git config --get commit.template [4ms]
2023-12-19 07:03:51.720 [info] > git for-each-ref --format=%(refname)%00%(upstream:short)%00%(objectname)%00%(upstream:track)%00%(upstream:remotename)%00%(upstream:remoteref) refs/heads/main refs/remotes/main [1ms]
2023-12-19 07:03:51.726 [info] > git status -z -uall [3ms]
2023-12-19 07:03:56.743 [info] > git config --get commit.template [5ms]
2023-12-19 07:03:56.743 [info] > git for-each-ref --format=%(refname)%00%(upstream:short)%00%(objectname)%00%(upstream:track)%00%(upstream:remotename)%00%(upstream:remoteref) refs/heads/main refs/remotes/main [1ms]
2023-12-19 07:03:56.749 [info] > git status -z -uall [3ms]
2023-12-19 07:04:01.766 [info] > git config --get commit.template [3ms]
2023-12-19 07:04:01.767 [info] > git for-each-ref --format=%(refname)%00%(upstream:short)%00%(objectname)%00%(upstream:track)%00%(upstream:remotename)%00%(upstream:remoteref) refs/heads/main refs/remotes/main [2ms]
2023-12-19 07:04:01.773 [info] > git status -z -uall [2ms]
2023-12-19 07:04:06.786 [info] > git config --get commit.template [2ms]
2023-12-19 07:04:06.787 [info] > git for-each-ref --format=%(refname)%00%(upstream:short)%00%(objectname)%00%(upstream:track)%00%(upstream:remotename)%00%(upstream:remoteref) refs/heads/main refs/remotes/main [1ms]
2023-12-19 07:04:06.793 [info] > git status -z -uall [3ms]
2023-12-19 07:04:11.809 [info] > git config --get commit.template [4ms]
2023-12-19 07:04:11.809 [info] > git for-each-ref --format=%(refname)%00%(upstream:short)%00%(objectname)%00%(upstream:track)%00%(upstream:remotename)%00%(upstream:remoteref) refs/heads/main refs/remotes/main [1ms]
2023-12-19 07:04:11.815 [info] > git status -z -uall [3ms]
2023-12-19 07:04:16.834 [info] > git config --get commit.template [5ms]
2023-12-19 07:04:16.834 [info] > git for-each-ref --format=%(refname)%00%(upstream:short)%00%(objectname)%00%(upstream:track)%00%(upstream:remotename)%00%(upstream:remoteref) refs/heads/main refs/remotes/main [1ms]
2023-12-19 07:04:16.841 [info] > git status -z -uall [3ms]
2023-12-19 07:04:21.860 [info] > git config --get commit.template [5ms]
2023-12-19 07:04:21.860 [info] > git for-each-ref --format=%(refname)%00%(upstream:short)%00%(objectname)%00%(upstream:track)%00%(upstream:remotename)%00%(upstream:remoteref) refs/heads/main refs/remotes/main [1ms]
2023-12-19 07:04:21.866 [info] > git status -z -uall [3ms]
2023-12-19 07:04:26.889 [info] > git config --get commit.template [5ms]
2023-12-19 07:04:26.890 [info] > git for-each-ref --format=%(refname)%00%(upstream:short)%00%(objectname)%00%(upstream:track)%00%(upstream:remotename)%00%(upstream:remoteref) refs/heads/main refs/remotes/main [1ms]
2023-12-19 07:04:26.897 [info] > git status -z -uall [3ms]
2023-12-19 07:04:47.053 [info] > git config --get commit.template [12ms]
2023-12-19 07:04:47.054 [info] > git for-each-ref --format=%(refname)%00%(upstream:short)%00%(objectname)%00%(upstream:track)%00%(upstream:remotename)%00%(upstream:remoteref) refs/heads/main refs/remotes/main [4ms]
2023-12-19 07:04:47.065 [info] > git status -z -uall [4ms]
2023-12-19 07:05:11.397 [info] > git config --get commit.template [4ms]
2023-12-19 07:05:11.398 [info] > git for-each-ref --format=%(refname)%00%(upstream:short)%00%(objectname)%00%(upstream:track)%00%(upstream:remotename)%00%(upstream:remoteref) refs/heads/main refs/remotes/main [1ms]
2023-12-19 07:05:11.406 [info] > git status -z -uall [3ms]
2023-12-19 07:05:16.423 [info] > git config --get commit.template [4ms]
2023-12-19 07:05:16.424 [info] > git for-each-ref --format=%(refname)%00%(upstream:short)%00%(objectname)%00%(upstream:track)%00%(upstream:remotename)%00%(upstream:remoteref) refs/heads/main refs/remotes/main [2ms]
2023-12-19 07:05:16.429 [info] > git status -z -uall [2ms]
2023-12-19 07:05:18.192 [warning] ENOENT: no such file or directory, open '/home/diego/meisters/meisters-solutions/.git/HEAD'
2023-12-19 07:05:18.194 [warning] getRemotes() - ENOENT: no such file or directory, open '/home/diego/meisters/meisters-solutions/.git/config'
2023-12-19 07:05:18.197 [info] > git symbolic-ref --short HEAD [5ms]
2023-12-19 07:05:18.201 [info] > git config --get commit.template [5ms]
2023-12-19 07:05:18.201 [info] > git remote --verbose [7ms]
2023-12-19 07:05:18.201 [info] > git for-each-ref --format=%(refname)%00%(upstream:short)%00%(objectname)%00%(upstream:track)%00%(upstream:remotename)%00%(upstream:remoteref) refs/heads/main refs/remotes/main [1ms]
2023-12-19 07:05:18.205 [warning] ENOENT: no such file or directory, open '/home/diego/meisters/meisters-solutions/.git/refs/remotes/origin/main'
2023-12-19 07:05:18.206 [info] > git rev-parse refs/remotes/origin/main [1ms]
2023-12-19 07:05:18.211 [info] > git status -z -uall [3ms]
2023-12-19 07:05:26.322 [info] > git config --get commit.template [7ms]
2023-12-19 07:05:26.326 [info] > git for-each-ref --format=%(refname)%00%(upstream:short)%00%(objectname)%00%(upstream:track)%00%(upstream:remotename)%00%(upstream:remoteref) refs/heads/main refs/remotes/main [5ms]
2023-12-19 07:05:26.337 [info] > git status -z -uall [5ms]
2023-12-19 07:05:31.355 [info] > git config --get commit.template [3ms]
2023-12-19 07:05:31.356 [info] > git for-each-ref --format=%(refname)%00%(upstream:short)%00%(objectname)%00%(upstream:track)%00%(upstream:remotename)%00%(upstream:remoteref) refs/heads/main refs/remotes/main [1ms]
2023-12-19 07:05:31.365 [info] > git status -z -uall [4ms]
2023-12-19 07:05:36.378 [info] > git config --get commit.template [3ms]
2023-12-19 07:05:36.378 [info] > git for-each-ref --format=%(refname)%00%(upstream:short)%00%(objectname)%00%(upstream:track)%00%(upstream:remotename)%00%(upstream:remoteref) refs/heads/main refs/remotes/main [1ms]
2023-12-19 07:05:36.384 [info] > git status -z -uall [2ms]
2023-12-19 07:05:41.402 [info] > git config --get commit.template [4ms]
2023-12-19 07:05:41.402 [info] > git for-each-ref --format=%(refname)%00%(upstream:short)%00%(objectname)%00%(upstream:track)%00%(upstream:remotename)%00%(upstream:remoteref) refs/heads/main refs/remotes/main [1ms]
2023-12-19 07:05:41.408 [info] > git status -z -uall [3ms]
2023-12-19 07:05:46.425 [info] > git config --get commit.template [3ms]
2023-12-19 07:05:46.426 [info] > git for-each-ref --format=%(refname)%00%(upstream:short)%00%(objectname)%00%(upstream:track)%00%(upstream:remotename)%00%(upstream:remoteref) refs/heads/main refs/remotes/main [1ms]
2023-12-19 07:05:46.433 [info] > git status -z -uall [3ms]
2023-12-19 07:05:51.452 [info] > git config --get commit.template [5ms]
2023-12-19 07:05:51.453 [info] > git for-each-ref --format=%(refname)%00%(upstream:short)%00%(objectname)%00%(upstream:track)%00%(upstream:remotename)%00%(upstream:remoteref) refs/heads/main refs/remotes/main [1ms]
2023-12-19 07:05:51.460 [info] > git status -z -uall [3ms]
2023-12-19 07:05:56.479 [info] > git config --get commit.template [5ms]
2023-12-19 07:05:56.480 [info] > git for-each-ref --format=%(refname)%00%(upstream:short)%00%(objectname)%00%(upstream:track)%00%(upstream:remotename)%00%(upstream:remoteref) refs/heads/main refs/remotes/main [2ms]
2023-12-19 07:05:56.487 [info] > git status -z -uall [3ms]
2023-12-19 07:06:01.503 [info] > git config --get commit.template [3ms]
2023-12-19 07:06:01.504 [info] > git for-each-ref --format=%(refname)%00%(upstream:short)%00%(objectname)%00%(upstream:track)%00%(upstream:remotename)%00%(upstream:remoteref) refs/heads/main refs/remotes/main [1ms]
2023-12-19 07:06:01.510 [info] > git status -z -uall [3ms]
2023-12-19 07:06:06.523 [info] > git config --get commit.template [3ms]
2023-12-19 07:06:06.523 [info] > git for-each-ref --format=%(refname)%00%(upstream:short)%00%(objectname)%00%(upstream:track)%00%(upstream:remotename)%00%(upstream:remoteref) refs/heads/main refs/remotes/main [1ms]
2023-12-19 07:06:06.530 [info] > git status -z -uall [3ms]
2023-12-19 07:06:11.547 [info] > git config --get commit.template [3ms]
2023-12-19 07:06:11.547 [info] > git for-each-ref --format=%(refname)%00%(upstream:short)%00%(objectname)%00%(upstream:track)%00%(upstream:remotename)%00%(upstream:remoteref) refs/heads/main refs/remotes/main [1ms]
2023-12-19 07:06:11.553 [info] > git status -z -uall [3ms]
2023-12-19 07:06:16.570 [info] > git config --get commit.template [4ms]
2023-12-19 07:06:16.570 [info] > git for-each-ref --format=%(refname)%00%(upstream:short)%00%(objectname)%00%(upstream:track)%00%(upstream:remotename)%00%(upstream:remoteref) refs/heads/main refs/remotes/main [1ms]
2023-12-19 07:06:16.576 [info] > git status -z -uall [2ms]
2023-12-19 07:08:02.924 [info] > git config --get commit.template [7ms]
2023-12-19 07:08:02.925 [info] > git for-each-ref --format=%(refname)%00%(upstream:short)%00%(objectname)%00%(upstream:track)%00%(upstream:remotename)%00%(upstream:remoteref) refs/heads/main refs/remotes/main [1ms]
2023-12-19 07:08:02.935 [info] > git status -z -uall [4ms]
2023-12-19 07:08:07.952 [info] > git config --get commit.template [1ms]
2023-12-19 07:08:07.956 [info] > git for-each-ref --format=%(refname)%00%(upstream:short)%00%(objectname)%00%(upstream:track)%00%(upstream:remotename)%00%(upstream:remoteref) refs/heads/main refs/remotes/main [1ms]
2023-12-19 07:08:07.964 [info] > git status -z -uall [3ms]
2023-12-19 07:08:35.027 [info] > git config --get commit.template [7ms]
2023-12-19 07:08:35.028 [info] > git for-each-ref --format=%(refname)%00%(upstream:short)%00%(objectname)%00%(upstream:track)%00%(upstream:remotename)%00%(upstream:remoteref) refs/heads/main refs/remotes/main [2ms]
2023-12-19 07:08:35.035 [info] > git status -z -uall [3ms]
2023-12-19 07:08:40.051 [info] > git config --get commit.template [1ms]
2023-12-19 07:08:40.057 [info] > git for-each-ref --format=%(refname)%00%(upstream:short)%00%(objectname)%00%(upstream:track)%00%(upstream:remotename)%00%(upstream:remoteref) refs/heads/main refs/remotes/main [1ms]
2023-12-19 07:08:40.063 [info] > git status -z -uall [3ms]
2023-12-19 07:08:45.080 [info] > git config --get commit.template [2ms]
2023-12-19 07:08:45.080 [info] > git for-each-ref --format=%(refname)%00%(upstream:short)%00%(objectname)%00%(upstream:track)%00%(upstream:remotename)%00%(upstream:remoteref) refs/heads/main refs/remotes/main [1ms]
2023-12-19 07:08:45.086 [info] > git status -z -uall [2ms]
2023-12-19 07:08:50.103 [info] > git config --get commit.template [3ms]
2023-12-19 07:08:50.104 [info] > git for-each-ref --format=%(refname)%00%(upstream:short)%00%(objectname)%00%(upstream:track)%00%(upstream:remotename)%00%(upstream:remoteref) refs/heads/main refs/remotes/main [1ms]
2023-12-19 07:08:50.110 [info] > git status -z -uall [4ms]
